TN:
SF:C:\Users\Raushan\Angular_Project\jobseekermodule\angular project\jobseekermodule\src\polyfills.ts
FNF:0
FNH:0
DA:45,1
DA:46,1
DA:57,1
LF:3
LH:3
BRF:0
BRH:0
end_of_record
TN:
SF:C:\Users\Raushan\Angular_Project\jobseekermodule\angular project\jobseekermodule\src\test.ts
FN:20,(anonymous_0)
FNF:1
FNH:0
FNDA:0,(anonymous_0)
DA:3,1
DA:4,1
DA:5,1
DA:6,1
DA:7,1
DA:8,1
DA:9,1
DA:10,1
DA:20,1
DA:23,1
DA:28,1
DA:30,1
DA:32,1
LF:13
LH:13
BRF:0
BRH:0
end_of_record
TN:
SF:C:\Users\Raushan\Angular_Project\jobseekermodule\angular project\jobseekermodule\src\app\app.component.ts
FN:11,(anonymous_1)
FN:11,AppComponent
FNF:2
FNH:1
FNDA:1,(anonymous_1)
FNDA:0,AppComponent
DA:1,1
DA:11,1
LF:2
LH:2
BRF:0
BRH:0
end_of_record
